# JRE version: OpenJDK Runtime Environment (8.0_91-b14) (build 1.8.0_91-8u91-b14-3ubuntu1~16.04.1-b14)
# Java VM: OpenJDK 64-Bit Server VM (25.91-b14 mixed mode linux-amd64 compressed oops)
Heap:
 PSYoungGen      total 519680K, used 112645K [0x00000000d5580000, 0x0000000100000000, 0x0000000100000000)
  eden space 340480K, 33% used [0x00000000d5580000,0x00000000dc3814d0,0x00000000ea200000)
  from space 179200K, 0% used [0x00000000ea200000,0x00000000ea200000,0x00000000f5100000)
  to   space 176640K, 0% used [0x00000000f5380000,0x00000000f5380000,0x0000000100000000)
 ParOldGen       total 699392K, used 429565K [0x0000000080000000, 0x00000000aab00000, 0x00000000d5580000)
  object space 699392K, 61% used [0x0000000080000000,0x000000009a37f740,0x00000000aab00000)
 Metaspace       used 71324K, capacity 73200K, committed 73600K, reserved 1114112K
  class space    used 9038K, capacity 9495K, committed 9600K, reserved 1048576K
GC Heap History (10 events):
Event: 151,680 GC heap before
{Heap before GC invocations=34 (full 6):
 PSYoungGen      total 529408K, used 488614K [0x00000000d5580000, 0x0000000100000000, 0x0000000100000000)
  eden space 387584K, 100% used [0x00000000d5580000,0x00000000ed000000,0x00000000ed000000)
  from space 141824K, 71% used [0x00000000ed000000,0x00000000f32a99d0,0x00000000f5a80000)
  to   space 149504K, 0% used [0x00000000f6e00000,0x00000000f6e00000,0x0000000100000000)
 ParOldGen       total 544768K, used 306352K [0x0000000080000000, 0x00000000a1400000, 0x00000000d5580000)
  object space 544768K, 56% used [0x0000000080000000,0x0000000092b2c1d0,0x00000000a1400000)
 Metaspace       used 71315K, capacity 73200K, committed 73600K, reserved 1114112K
  class space    used 9038K, capacity 9495K, committed 9600K, reserved 1048576K
Event: 151,881 GC heap after
Heap after GC invocations=34 (full 6):
 PSYoungGen      total 540160K, used 98562K [0x00000000d5580000, 0x0000000100000000, 0x0000000100000000)
  eden space 390656K, 0% used [0x00000000d5580000,0x00000000d5580000,0x00000000ed300000)
  from space 149504K, 65% used [0x00000000f6e00000,0x00000000fce40b20,0x0000000100000000)
  to   space 154112K, 0% used [0x00000000ed300000,0x00000000ed300000,0x00000000f6980000)
 ParOldGen       total 544768K, used 351842K [0x0000000080000000, 0x00000000a1400000, 0x00000000d5580000)
  object space 544768K, 64% used [0x0000000080000000,0x0000000095798a40,0x00000000a1400000)
 Metaspace       used 71315K, capacity 73200K, committed 73600K, reserved 1114112K
  class space    used 9038K, capacity 9495K, committed 9600K, reserved 1048576K
}
Event: 153,723 GC heap before
{Heap before GC invocations=35 (full 6):
 PSYoungGen      total 540160K, used 489218K [0x00000000d5580000, 0x0000000100000000, 0x0000000100000000)
  eden space 390656K, 100% used [0x00000000d5580000,0x00000000ed300000,0x00000000ed300000)
  from space 149504K, 65% used [0x00000000f6e00000,0x00000000fce40b20,0x0000000100000000)
  to   space 154112K, 0% used [0x00000000ed300000,0x00000000ed300000,0x00000000f6980000)
 ParOldGen       total 544768K, used 351842K [0x0000000080000000, 0x00000000a1400000, 0x00000000d5580000)
  object space 544768K, 64% used [0x0000000080000000,0x0000000095798a40,0x00000000a1400000)
 Metaspace       used 71317K, capacity 73200K, committed 73600K, reserved 1114112K
  class space    used 9038K, capacity 9495K, committed 9600K, reserved 1048576K
Event: 154,081 GC heap after
Heap after GC invocations=35 (full 6):
 PSYoungGen      total 530944K, used 140076K [0x00000000d5580000, 0x0000000100000000, 0x0000000100000000)
  eden space 390656K, 0% used [0x00000000d5580000,0x00000000d5580000,0x00000000ed300000)
  from space 140288K, 99% used [0x00000000ed300000,0x00000000f5bcb268,0x00000000f5c00000)
  to   space 167936K, 0% used [0x00000000f5c00000,0x00000000f5c00000,0x0000000100000000)
 ParOldGen       total 544768K, used 351842K [0x0000000080000000, 0x00000000a1400000, 0x00000000d5580000)
  object space 544768K, 64% used [0x0000000080000000,0x0000000095798a40,0x00000000a1400000)
 Metaspace       used 71317K, capacity 73200K, committed 73600K, reserved 1114112K
  class space    used 9038K, capacity 9495K, committed 9600K, reserved 1048576K
}
Event: 155,677 GC heap before
{Heap before GC invocations=36 (full 6):
 PSYoungGen      total 530944K, used 528150K [0x00000000d5580000, 0x0000000100000000, 0x0000000100000000)
  eden space 390656K, 99% used [0x00000000d5580000,0x00000000ed07a638,0x00000000ed300000)
  from space 140288K, 99% used [0x00000000ed300000,0x00000000f5bcb268,0x00000000f5c00000)
  to   space 167936K, 0% used [0x00000000f5c00000,0x00000000f5c00000,0x0000000100000000)
 ParOldGen       total 544768K, used 351842K [0x0000000080000000, 0x00000000a1400000, 0x00000000d5580000)
  object space 544768K, 64% used [0x0000000080000000,0x0000000095798a40,0x00000000a1400000)
 Metaspace       used 71317K, capacity 73200K, committed 73600K, reserved 1114112K
  class space    used 9038K, capacity 9495K, committed 9600K, reserved 1048576K
Event: 156,384 GC heap after
Heap after GC invocations=36 (full 6):
 PSYoungGen      total 508416K, used 117690K [0x00000000d5580000, 0x0000000100000000, 0x0000000100000000)
  eden space 340480K, 0% used [0x00000000d5580000,0x00000000d5580000,0x00000000ea200000)
  from space 167936K, 70% used [0x00000000f5c00000,0x00000000fceee940,0x0000000100000000)
  to   space 179200K, 0% used [0x00000000ea200000,0x00000000ea200000,0x00000000f5100000)
 ParOldGen       total 544768K, used 400315K [0x0000000080000000, 0x00000000a1400000, 0x00000000d5580000)
  object space 544768K, 73% used [0x0000000080000000,0x00000000986eec40,0x00000000a1400000)
 Metaspace       used 71317K, capacity 73200K, committed 73600K, reserved 1114112K
  class space    used 9038K, capacity 9495K, committed 9600K, reserved 1048576K
}
Event: 158,708 GC heap before
{Heap before GC invocations=37 (full 6):
 PSYoungGen      total 508416K, used 458170K [0x00000000d5580000, 0x0000000100000000, 0x0000000100000000)
  eden space 340480K, 100% used [0x00000000d5580000,0x00000000ea200000,0x00000000ea200000)
  from space 167936K, 70% used [0x00000000f5c00000,0x00000000fceee940,0x0000000100000000)
  to   space 179200K, 0% used [0x00000000ea200000,0x00000000ea200000,0x00000000f5100000)
 ParOldGen       total 544768K, used 400315K [0x0000000080000000, 0x00000000a1400000, 0x00000000d5580000)
  object space 544768K, 73% used [0x0000000080000000,0x00000000986eec40,0x00000000a1400000)
 Metaspace       used 71321K, capacity 73200K, committed 73600K, reserved 1114112K
  class space    used 9038K, capacity 9495K, committed 9600K, reserved 1048576K
Event: 159,636 GC heap after
Heap after GC invocations=37 (full 6):
 PSYoungGen      total 519680K, used 99416K [0x00000000d5580000, 0x0000000100000000, 0x0000000100000000)
  eden space 340480K, 0% used [0x00000000d5580000,0x00000000d5580000,0x00000000ea200000)
  from space 179200K, 55% used [0x00000000ea200000,0x00000000f03162e0,0x00000000f5100000)
  to   space 176640K, 0% used [0x00000000f5380000,0x00000000f5380000,0x0000000100000000)
 ParOldGen       total 544768K, used 473760K [0x0000000080000000, 0x00000000a1400000, 0x00000000d5580000)
  object space 544768K, 86% used [0x0000000080000000,0x000000009cea8040,0x00000000a1400000)
 Metaspace       used 71321K, capacity 73200K, committed 73600K, reserved 1114112K
  class space    used 9038K, capacity 9495K, committed 9600K, reserved 1048576K
}
Event: 159,636 GC heap before
{Heap before GC invocations=38 (full 7):
 PSYoungGen      total 519680K, used 99416K [0x00000000d5580000, 0x0000000100000000, 0x0000000100000000)
  eden space 340480K, 0% used [0x00000000d5580000,0x00000000d5580000,0x00000000ea200000)
  from space 179200K, 55% used [0x00000000ea200000,0x00000000f03162e0,0x00000000f5100000)
  to   space 176640K, 0% used [0x00000000f5380000,0x00000000f5380000,0x0000000100000000)
 ParOldGen       total 544768K, used 473760K [0x0000000080000000, 0x00000000a1400000, 0x00000000d5580000)
  object space 544768K, 86% used [0x0000000080000000,0x000000009cea8040,0x00000000a1400000)
 Metaspace       used 71321K, capacity 73200K, committed 73600K, reserved 1114112K
  class space    used 9038K, capacity 9495K, committed 9600K, reserved 1048576K
Event: 165,626 GC heap after
Heap after GC invocations=38 (full 7):
 PSYoungGen      total 519680K, used 0K [0x00000000d5580000, 0x0000000100000000, 0x0000000100000000)
  eden space 340480K, 0% used [0x00000000d5580000,0x00000000d5580000,0x00000000ea200000)
  from space 179200K, 0% used [0x00000000ea200000,0x00000000ea200000,0x00000000f5100000)
  to   space 176640K, 0% used [0x00000000f5380000,0x00000000f5380000,0x0000000100000000)
 ParOldGen       total 699392K, used 429565K [0x0000000080000000, 0x00000000aab00000, 0x00000000d5580000)
  object space 699392K, 61% used [0x0000000080000000,0x000000009a37f740,0x00000000aab00000)
 Metaspace       used 71321K, capacity 73200K, committed 73600K, reserved 1114112K
  class space    used 9038K, capacity 9495K, committed 9600K, reserved 1048576K
}

